[     169ms] [VERBOSE] [DOM] Input elements should have autocomplete attributes (suggested: "current-password"): (More info: https://goo.gl/9p2vKq) %o @ http://localhost:3000/login:0
[     178ms] [INFO] %cDownload the React DevTools for a better development experience: https://react.dev/link/react-devtools font-weight:bold @ http://localhost:3000/_next/static/chunks/node_modules_next_dist_115brz8._.js:2477
[     204ms] [LOG] [HMR] connected @ http://localhost:3000/_next/static/chunks/node_modules_next_dist_115brz8._.js:2477
[    8001ms] [LOG] [Fast Refresh] rebuilding @ http://localhost:3000/_next/static/chunks/node_modules_next_dist_115brz8._.js:2477
[    8212ms] [LOG] [Fast Refresh] done in 50ms @ http://localhost:3000/_next/static/chunks/node_modules_next_dist_115brz8._.js:2477
[   12151ms] [LOG] [Fast Refresh] rebuilding @ http://localhost:3000/_next/static/chunks/node_modules_next_dist_115brz8._.js:2477
[   12342ms] [LOG] [Fast Refresh] done in 292ms @ http://localhost:3000/_next/static/chunks/node_modules_next_dist_115brz8._.js:2477
[   17081ms] [ERROR] WebSocket connection to 'ws://localhost:3000/_next/webpack-hmr?id=m11AKiMCVS8RMaVHCZnb8' failed:  @ http://localhost:3000/_next/static/chunks/node_modules_next_dist_client_0fhqo1d._.js:13322
[   18086ms] [ERROR] WebSocket connection to 'ws://localhost:3000/_next/webpack-hmr?id=m11AKiMCVS8RMaVHCZnb8' failed: Error in connection establishment: net::ERR_CONNECTION_REFUSED @ http://localhost:3000/_next/static/chunks/node_modules_next_dist_client_0fhqo1d._.js:13322
[   19088ms] [ERROR] WebSocket connection to 'ws://localhost:3000/_next/webpack-hmr?id=m11AKiMCVS8RMaVHCZnb8' failed: Error in connection establishment: net::ERR_CONNECTION_REFUSED @ http://localhost:3000/_next/static/chunks/node_modules_next_dist_client_0fhqo1d._.js:13322
[   20090ms] [ERROR] WebSocket connection to 'ws://localhost:3000/_next/webpack-hmr?id=m11AKiMCVS8RMaVHCZnb8' failed: Error in connection establishment: net::ERR_CONNECTION_REFUSED @ http://localhost:3000/_next/static/chunks/node_modules_next_dist_client_0fhqo1d._.js:13322
[   21091ms] [ERROR] WebSocket connection to 'ws://localhost:3000/_next/webpack-hmr?id=m11AKiMCVS8RMaVHCZnb8' failed: Error in connection establishment: net::ERR_CONNECTION_REFUSED @ http://localhost:3000/_next/static/chunks/node_modules_next_dist_client_0fhqo1d._.js:13322
[   22094ms] [ERROR] WebSocket connection to 'ws://localhost:3000/_next/webpack-hmr?id=m11AKiMCVS8RMaVHCZnb8' failed: Error in connection establishment: net::ERR_CONNECTION_REFUSED @ http://localhost:3000/_next/static/chunks/node_modules_next_dist_client_0fhqo1d._.js:13322
[   27100ms] [ERROR] WebSocket connection to 'ws://localhost:3000/_next/webpack-hmr?id=m11AKiMCVS8RMaVHCZnb8' failed: Error in connection establishment: net::ERR_CONNECTION_REFUSED @ http://localhost:3000/_next/static/chunks/node_modules_next_dist_client_0fhqo1d._.js:13322
[   32112ms] [LOG] [HMR] connected @ http://localhost:3000/_next/static/chunks/node_modules_next_dist_115brz8._.js:2477
[   32556ms] [VERBOSE] [DOM] Input elements should have autocomplete attributes (suggested: "current-password"): (More info: https://goo.gl/9p2vKq) %o @ http://localhost:3000/login:0
[   32566ms] [INFO] %cDownload the React DevTools for a better development experience: https://react.dev/link/react-devtools font-weight:bold @ http://localhost:3000/_next/static/chunks/node_modules_next_dist_115brz8._.js:2477
[   32584ms] [LOG] [HMR] connected @ http://localhost:3000/_next/static/chunks/node_modules_next_dist_115brz8._.js:2477
[   34549ms] [LOG] [Fast Refresh] rebuilding @ http://localhost:3000/_next/static/chunks/node_modules_next_dist_115brz8._.js:2477
[   34920ms] [LOG] [Fast Refresh] done in 472ms @ http://localhost:3000/_next/static/chunks/node_modules_next_dist_115brz8._.js:2477
[   43195ms] [LOG] [Fast Refresh] rebuilding @ http://localhost:3000/_next/static/chunks/node_modules_next_dist_115brz8._.js:2477
[   43256ms] [LOG] [Fast Refresh] done in 162ms @ http://localhost:3000/_next/static/chunks/node_modules_next_dist_115brz8._.js:2477
[  107814ms] [ERROR] WebSocket connection to 'ws://localhost:3000/_next/webpack-hmr?id=m32jiKL6bLm85bSocjBeC' failed:  @ http://localhost:3000/_next/static/chunks/node_modules_next_dist_client_0fhqo1d._.js:13322
[  112984ms] [ERROR] Failed to load resource: net::ERR_CONNECTION_REFUSED @ http://localhost:3000/api/sessions/05f88e1a-16b6-4530-b354-618726538c46:0
[  112985ms] [ERROR] WebSocket connection to 'ws://localhost:3000/_next/webpack-hmr?id=m32jiKL6bLm85bSocjBeC' failed: Error in connection establishment: net::ERR_CONNECTION_REFUSED @ http://localhost:3000/_next/static/chunks/node_modules_next_dist_client_0fhqo1d._.js:13322
[  357871ms] [ERROR] WebSocket connection to 'ws://localhost:3000/_next/webpack-hmr?id=m32jiKL6bLm85bSocjBeC' failed: WebSocket opening handshake timed out @ http://localhost:3000/_next/static/chunks/node_modules_next_dist_client_0fhqo1d._.js:13322
[  598992ms] [ERROR] WebSocket connection to 'ws://localhost:3000/_next/webpack-hmr?id=m32jiKL6bLm85bSocjBeC' failed: WebSocket opening handshake timed out @ http://localhost:3000/_next/static/chunks/node_modules_next_dist_client_0fhqo1d._.js:13322
[  839995ms] [ERROR] WebSocket connection to 'ws://localhost:3000/_next/webpack-hmr?id=m32jiKL6bLm85bSocjBeC' failed: WebSocket opening handshake timed out @ http://localhost:3000/_next/static/chunks/node_modules_next_dist_client_0fhqo1d._.js:13322
[ 1081019ms] [ERROR] WebSocket connection to 'ws://localhost:3000/_next/webpack-hmr?id=m32jiKL6bLm85bSocjBeC' failed: WebSocket opening handshake timed out @ http://localhost:3000/_next/static/chunks/node_modules_next_dist_client_0fhqo1d._.js:13322
[ 1326044ms] [ERROR] WebSocket connection to 'ws://localhost:3000/_next/webpack-hmr?id=m32jiKL6bLm85bSocjBeC' failed: WebSocket opening handshake timed out @ http://localhost:3000/_next/static/chunks/node_modules_next_dist_client_0fhqo1d._.js:13322
[ 1571056ms] [ERROR] WebSocket connection to 'ws://localhost:3000/_next/webpack-hmr?id=m32jiKL6bLm85bSocjBeC' failed: WebSocket opening handshake timed out @ http://localhost:3000/_next/static/chunks/node_modules_next_dist_client_0fhqo1d._.js:13322
[ 1816065ms] [ERROR] WebSocket connection to 'ws://localhost:3000/_next/webpack-hmr?id=m32jiKL6bLm85bSocjBeC' failed: WebSocket opening handshake timed out @ http://localhost:3000/_next/static/chunks/node_modules_next_dist_client_0fhqo1d._.js:13322
[ 2061068ms] [ERROR] WebSocket connection to 'ws://localhost:3000/_next/webpack-hmr?id=m32jiKL6bLm85bSocjBeC' failed: WebSocket opening handshake timed out @ http://localhost:3000/_next/static/chunks/node_modules_next_dist_client_0fhqo1d._.js:13322
[ 2306072ms] [ERROR] WebSocket connection to 'ws://localhost:3000/_next/webpack-hmr?id=m32jiKL6bLm85bSocjBeC' failed: WebSocket opening handshake timed out @ http://localhost:3000/_next/static/chunks/node_modules_next_dist_client_0fhqo1d._.js:13322
[ 2551079ms] [ERROR] WebSocket connection to 'ws://localhost:3000/_next/webpack-hmr?id=m32jiKL6bLm85bSocjBeC' failed: WebSocket opening handshake timed out @ http://localhost:3000/_next/static/chunks/node_modules_next_dist_client_0fhqo1d._.js:13322
[ 2796086ms] [ERROR] WebSocket connection to 'ws://localhost:3000/_next/webpack-hmr?id=m32jiKL6bLm85bSocjBeC' failed: WebSocket opening handshake timed out @ http://localhost:3000/_next/static/chunks/node_modules_next_dist_client_0fhqo1d._.js:13322
