[     161ms] [INFO] %cDownload the React DevTools for a better development experience: https://react.dev/link/react-devtools font-weight:bold @ http://localhost:3000/_next/static/chunks/node_modules_next_dist_115brz8._.js:2477
[     176ms] [LOG] [HMR] connected @ http://localhost:3000/_next/static/chunks/node_modules_next_dist_115brz8._.js:2477
[   79095ms] [ERROR] WebSocket connection to 'ws://localhost:3000/' failed: Connection closed before receiving a handshake response @ http://localhost:3000/_next/static/chunks/_0wh2lbi._.js:66
[   80107ms] [ERROR] WebSocket connection to 'ws://localhost:3000/' failed: Connection closed before receiving a handshake response @ http://localhost:3000/_next/static/chunks/_0wh2lbi._.js:66
[   82121ms] [ERROR] WebSocket connection to 'ws://localhost:3000/' failed: Connection closed before receiving a handshake response @ http://localhost:3000/_next/static/chunks/_0wh2lbi._.js:66
[   86135ms] [ERROR] WebSocket connection to 'ws://localhost:3000/' failed: Connection closed before receiving a handshake response @ http://localhost:3000/_next/static/chunks/_0wh2lbi._.js:66
[   94146ms] [ERROR] WebSocket connection to 'ws://localhost:3000/' failed: Connection closed before receiving a handshake response @ http://localhost:3000/_next/static/chunks/_0wh2lbi._.js:66
[  110161ms] [ERROR] WebSocket connection to 'ws://localhost:3000/' failed: Connection closed before receiving a handshake response @ http://localhost:3000/_next/static/chunks/_0wh2lbi._.js:66
[  144826ms] [ERROR] WebSocket connection to 'ws://localhost:3000/' failed: Connection closed before receiving a handshake response @ http://localhost:3000/_next/static/chunks/_0wh2lbi._.js:66
[  145838ms] [ERROR] WebSocket connection to 'ws://localhost:3000/' failed: Connection closed before receiving a handshake response @ http://localhost:3000/_next/static/chunks/_0wh2lbi._.js:66
[  147850ms] [ERROR] WebSocket connection to 'ws://localhost:3000/' failed: Connection closed before receiving a handshake response @ http://localhost:3000/_next/static/chunks/_0wh2lbi._.js:66
[  151863ms] [ERROR] WebSocket connection to 'ws://localhost:3000/' failed: Connection closed before receiving a handshake response @ http://localhost:3000/_next/static/chunks/_0wh2lbi._.js:66
[  295128ms] [INFO] %cDownload the React DevTools for a better development experience: https://react.dev/link/react-devtools font-weight:bold @ http://localhost:3000/_next/static/chunks/node_modules_next_dist_115brz8._.js:2477
[  295154ms] [LOG] [HMR] connected @ http://localhost:3000/_next/static/chunks/node_modules_next_dist_115brz8._.js:2477
[  295921ms] [INFO] %cDownload the React DevTools for a better development experience: https://react.dev/link/react-devtools font-weight:bold @ http://localhost:3000/_next/static/chunks/node_modules_next_dist_115brz8._.js:2477
[  295936ms] [LOG] [HMR] connected @ http://localhost:3000/_next/static/chunks/node_modules_next_dist_115brz8._.js:2477
[  308410ms] [ERROR] WebSocket connection to 'ws://localhost:3000/' failed: Connection closed before receiving a handshake response @ http://localhost:3000/_next/static/chunks/_0wh2lbi._.js:66
[  309427ms] [ERROR] WebSocket connection to 'ws://localhost:3000/' failed: Connection closed before receiving a handshake response @ http://localhost:3000/_next/static/chunks/_0wh2lbi._.js:66
[  311441ms] [ERROR] WebSocket connection to 'ws://localhost:3000/' failed: Connection closed before receiving a handshake response @ http://localhost:3000/_next/static/chunks/_0wh2lbi._.js:66
[  315451ms] [ERROR] WebSocket connection to 'ws://localhost:3000/' failed: Connection closed before receiving a handshake response @ http://localhost:3000/_next/static/chunks/_0wh2lbi._.js:66
[  323462ms] [ERROR] WebSocket connection to 'ws://localhost:3000/' failed: Connection closed before receiving a handshake response @ http://localhost:3000/_next/static/chunks/_0wh2lbi._.js:66
[  364815ms] [INFO] %cDownload the React DevTools for a better development experience: https://react.dev/link/react-devtools font-weight:bold @ http://localhost:3000/_next/static/chunks/node_modules_next_dist_115brz8._.js:2477
[  364829ms] [LOG] [HMR] connected @ http://localhost:3000/_next/static/chunks/node_modules_next_dist_115brz8._.js:2477
[  371953ms] [INFO] %cDownload the React DevTools for a better development experience: https://react.dev/link/react-devtools font-weight:bold @ http://localhost:3000/_next/static/chunks/node_modules_next_dist_115brz8._.js:2477
[  371971ms] [LOG] [HMR] connected @ http://localhost:3000/_next/static/chunks/node_modules_next_dist_115brz8._.js:2477
[  650782ms] [ERROR] WebSocket connection to 'ws://localhost:3000/_next/webpack-hmr?id=Ghmnu2jEY386o6nonAB7M' failed:  @ http://localhost:3000/_next/static/chunks/node_modules_next_dist_client_0fhqo1d._.js:13322
[  651788ms] [ERROR] WebSocket connection to 'ws://localhost:3000/_next/webpack-hmr?id=Ghmnu2jEY386o6nonAB7M' failed: Error in connection establishment: net::ERR_CONNECTION_REFUSED @ http://localhost:3000/_next/static/chunks/node_modules_next_dist_client_0fhqo1d._.js:13322
[  652790ms] [ERROR] WebSocket connection to 'ws://localhost:3000/_next/webpack-hmr?id=Ghmnu2jEY386o6nonAB7M' failed: Error in connection establishment: net::ERR_CONNECTION_REFUSED @ http://localhost:3000/_next/static/chunks/node_modules_next_dist_client_0fhqo1d._.js:13322
[  653792ms] [ERROR] WebSocket connection to 'ws://localhost:3000/_next/webpack-hmr?id=Ghmnu2jEY386o6nonAB7M' failed: Error in connection establishment: net::ERR_CONNECTION_REFUSED @ http://localhost:3000/_next/static/chunks/node_modules_next_dist_client_0fhqo1d._.js:13322
[  654794ms] [ERROR] WebSocket connection to 'ws://localhost:3000/_next/webpack-hmr?id=Ghmnu2jEY386o6nonAB7M' failed: Error in connection establishment: net::ERR_CONNECTION_REFUSED @ http://localhost:3000/_next/static/chunks/node_modules_next_dist_client_0fhqo1d._.js:13322
[  655797ms] [ERROR] WebSocket connection to 'ws://localhost:3000/_next/webpack-hmr?id=Ghmnu2jEY386o6nonAB7M' failed: Error in connection establishment: net::ERR_CONNECTION_REFUSED @ http://localhost:3000/_next/static/chunks/node_modules_next_dist_client_0fhqo1d._.js:13322
[  660802ms] [ERROR] WebSocket connection to 'ws://localhost:3000/_next/webpack-hmr?id=Ghmnu2jEY386o6nonAB7M' failed: Error in connection establishment: net::ERR_CONNECTION_REFUSED @ http://localhost:3000/_next/static/chunks/node_modules_next_dist_client_0fhqo1d._.js:13322
[  665811ms] [ERROR] WebSocket connection to 'ws://localhost:3000/_next/webpack-hmr?id=Ghmnu2jEY386o6nonAB7M' failed: Error in connection establishment: net::ERR_CONNECTION_REFUSED @ http://localhost:3000/_next/static/chunks/node_modules_next_dist_client_0fhqo1d._.js:13322
[  670828ms] [LOG] [HMR] connected @ http://localhost:3000/_next/static/chunks/node_modules_next_dist_115brz8._.js:2477
[  671705ms] [INFO] %cDownload the React DevTools for a better development experience: https://react.dev/link/react-devtools font-weight:bold @ http://localhost:3000/_next/static/chunks/node_modules_next_dist_115brz8._.js:2477
[  671721ms] [LOG] [HMR] connected @ http://localhost:3000/_next/static/chunks/node_modules_next_dist_115brz8._.js:2477
[  671838ms] [LOG] [Fast Refresh] rebuilding @ http://localhost:3000/_next/static/chunks/node_modules_next_dist_115brz8._.js:2477
[  671897ms] [LOG] [Fast Refresh] done in 162ms @ http://localhost:3000/_next/static/chunks/node_modules_next_dist_115brz8._.js:2477
