[    7075ms] [ERROR] WebSocket connection to 'wss://0156789.xyz/' failed: Error during WebSocket handshake: Unexpected response code: 307 @ https://0156789.xyz/_next/static/chunks/0gx1zp08zu9jc.js:0
[    8834ms] [ERROR] WebSocket connection to 'wss://0156789.xyz/' failed: Error during WebSocket handshake: Unexpected response code: 307 @ https://0156789.xyz/_next/static/chunks/0gx1zp08zu9jc.js:0
[   16605ms] [ERROR] WebSocket connection to 'wss://0156789.xyz/' failed: Error during WebSocket handshake: Unexpected response code: 307 @ https://0156789.xyz/_next/static/chunks/0gx1zp08zu9jc.js:0
[   21125ms] [ERROR] WebSocket connection to 'wss://0156789.xyz/' failed: Error during WebSocket handshake: Unexpected response code: 307 @ https://0156789.xyz/_next/static/chunks/0gx1zp08zu9jc.js:0
[   29582ms] [ERROR] WebSocket connection to 'wss://0156789.xyz/' failed: Error during WebSocket handshake: Unexpected response code: 307 @ https://0156789.xyz/_next/static/chunks/0gx1zp08zu9jc.js:0
[   46075ms] [ERROR] WebSocket connection to 'wss://0156789.xyz/' failed: Error during WebSocket handshake: Unexpected response code: 307 @ https://0156789.xyz/_next/static/chunks/0gx1zp08zu9jc.js:0
[   76546ms] [ERROR] WebSocket connection to 'wss://0156789.xyz/' failed: Error during WebSocket handshake: Unexpected response code: 307 @ https://0156789.xyz/_next/static/chunks/0gx1zp08zu9jc.js:0
[  106982ms] [ERROR] WebSocket connection to 'wss://0156789.xyz/' failed: Error during WebSocket handshake: Unexpected response code: 307 @ https://0156789.xyz/_next/static/chunks/0gx1zp08zu9jc.js:0
[  137438ms] [ERROR] WebSocket connection to 'wss://0156789.xyz/' failed: Error during WebSocket handshake: Unexpected response code: 307 @ https://0156789.xyz/_next/static/chunks/0gx1zp08zu9jc.js:0
[  167861ms] [ERROR] WebSocket connection to 'wss://0156789.xyz/' failed: Error during WebSocket handshake: Unexpected response code: 307 @ https://0156789.xyz/_next/static/chunks/0gx1zp08zu9jc.js:0
[  198300ms] [ERROR] WebSocket connection to 'wss://0156789.xyz/' failed: Error during WebSocket handshake: Unexpected response code: 307 @ https://0156789.xyz/_next/static/chunks/0gx1zp08zu9jc.js:0
[  229044ms] [ERROR] WebSocket connection to 'wss://0156789.xyz/' failed: Error during WebSocket handshake: Unexpected response code: 307 @ https://0156789.xyz/_next/static/chunks/0gx1zp08zu9jc.js:0
[  259489ms] [ERROR] WebSocket connection to 'wss://0156789.xyz/' failed: Error during WebSocket handshake: Unexpected response code: 307 @ https://0156789.xyz/_next/static/chunks/0gx1zp08zu9jc.js:0
[  289938ms] [ERROR] WebSocket connection to 'wss://0156789.xyz/' failed: Error during WebSocket handshake: Unexpected response code: 307 @ https://0156789.xyz/_next/static/chunks/0gx1zp08zu9jc.js:0
[  320378ms] [ERROR] WebSocket connection to 'wss://0156789.xyz/' failed: Error during WebSocket handshake: Unexpected response code: 307 @ https://0156789.xyz/_next/static/chunks/0gx1zp08zu9jc.js:0
[  350799ms] [ERROR] WebSocket connection to 'wss://0156789.xyz/' failed: Error during WebSocket handshake: Unexpected response code: 307 @ https://0156789.xyz/_next/static/chunks/0gx1zp08zu9jc.js:0
[  381242ms] [ERROR] WebSocket connection to 'wss://0156789.xyz/' failed: Error during WebSocket handshake: Unexpected response code: 307 @ https://0156789.xyz/_next/static/chunks/0gx1zp08zu9jc.js:0
[  411649ms] [ERROR] WebSocket connection to 'wss://0156789.xyz/' failed: Error during WebSocket handshake: Unexpected response code: 307 @ https://0156789.xyz/_next/static/chunks/0gx1zp08zu9jc.js:0
[  442056ms] [ERROR] WebSocket connection to 'wss://0156789.xyz/' failed: Error during WebSocket handshake: Unexpected response code: 307 @ https://0156789.xyz/_next/static/chunks/0gx1zp08zu9jc.js:0
[  472489ms] [ERROR] WebSocket connection to 'wss://0156789.xyz/' failed: Error during WebSocket handshake: Unexpected response code: 307 @ https://0156789.xyz/_next/static/chunks/0gx1zp08zu9jc.js:0
[  502928ms] [ERROR] WebSocket connection to 'wss://0156789.xyz/' failed: Error during WebSocket handshake: Unexpected response code: 307 @ https://0156789.xyz/_next/static/chunks/0gx1zp08zu9jc.js:0
[  533368ms] [ERROR] WebSocket connection to 'wss://0156789.xyz/' failed: Error during WebSocket handshake: Unexpected response code: 307 @ https://0156789.xyz/_next/static/chunks/0gx1zp08zu9jc.js:0
[  563830ms] [ERROR] WebSocket connection to 'wss://0156789.xyz/' failed: Error during WebSocket handshake: Unexpected response code: 307 @ https://0156789.xyz/_next/static/chunks/0gx1zp08zu9jc.js:0
[  594285ms] [ERROR] WebSocket connection to 'wss://0156789.xyz/' failed: Error during WebSocket handshake: Unexpected response code: 307 @ https://0156789.xyz/_next/static/chunks/0gx1zp08zu9jc.js:0
[  624848ms] [ERROR] WebSocket connection to 'wss://0156789.xyz/' failed: Error during WebSocket handshake: Unexpected response code: 307 @ https://0156789.xyz/_next/static/chunks/0gx1zp08zu9jc.js:0
[  655334ms] [ERROR] WebSocket connection to 'wss://0156789.xyz/' failed: Error during WebSocket handshake: Unexpected response code: 307 @ https://0156789.xyz/_next/static/chunks/0gx1zp08zu9jc.js:0
[  685797ms] [ERROR] WebSocket connection to 'wss://0156789.xyz/' failed: Error during WebSocket handshake: Unexpected response code: 307 @ https://0156789.xyz/_next/static/chunks/0gx1zp08zu9jc.js:0
[  716701ms] [ERROR] WebSocket connection to 'wss://0156789.xyz/' failed: Error during WebSocket handshake: Unexpected response code: 307 @ https://0156789.xyz/_next/static/chunks/0gx1zp08zu9jc.js:0
[  747525ms] [ERROR] WebSocket connection to 'wss://0156789.xyz/' failed: Error during WebSocket handshake: Unexpected response code: 307 @ https://0156789.xyz/_next/static/chunks/0gx1zp08zu9jc.js:0
[  778268ms] [ERROR] WebSocket connection to 'wss://0156789.xyz/' failed: Error during WebSocket handshake: Unexpected response code: 307 @ https://0156789.xyz/_next/static/chunks/0gx1zp08zu9jc.js:0
[  808900ms] [ERROR] WebSocket connection to 'wss://0156789.xyz/' failed: Error during WebSocket handshake: Unexpected response code: 307 @ https://0156789.xyz/_next/static/chunks/0gx1zp08zu9jc.js:0
[  839384ms] [ERROR] WebSocket connection to 'wss://0156789.xyz/' failed: Error during WebSocket handshake: Unexpected response code: 307 @ https://0156789.xyz/_next/static/chunks/0gx1zp08zu9jc.js:0
[  870020ms] [ERROR] WebSocket connection to 'wss://0156789.xyz/' failed: Error during WebSocket handshake: Unexpected response code: 307 @ https://0156789.xyz/_next/static/chunks/0gx1zp08zu9jc.js:0
[  900674ms] [ERROR] WebSocket connection to 'wss://0156789.xyz/' failed: Error during WebSocket handshake: Unexpected response code: 307 @ https://0156789.xyz/_next/static/chunks/0gx1zp08zu9jc.js:0
[  931926ms] [ERROR] WebSocket connection to 'wss://0156789.xyz/' failed: Error during WebSocket handshake: Unexpected response code: 307 @ https://0156789.xyz/_next/static/chunks/0gx1zp08zu9jc.js:0
[  962377ms] [ERROR] WebSocket connection to 'wss://0156789.xyz/' failed: Error during WebSocket handshake: Unexpected response code: 307 @ https://0156789.xyz/_next/static/chunks/0gx1zp08zu9jc.js:0
[  992818ms] [ERROR] WebSocket connection to 'wss://0156789.xyz/' failed: Error during WebSocket handshake: Unexpected response code: 307 @ https://0156789.xyz/_next/static/chunks/0gx1zp08zu9jc.js:0
[ 1023270ms] [ERROR] WebSocket connection to 'wss://0156789.xyz/' failed: Error during WebSocket handshake: Unexpected response code: 307 @ https://0156789.xyz/_next/static/chunks/0gx1zp08zu9jc.js:0
[ 1053738ms] [ERROR] WebSocket connection to 'wss://0156789.xyz/' failed: Error during WebSocket handshake: Unexpected response code: 307 @ https://0156789.xyz/_next/static/chunks/0gx1zp08zu9jc.js:0
[ 1084184ms] [ERROR] WebSocket connection to 'wss://0156789.xyz/' failed: Error during WebSocket handshake: Unexpected response code: 307 @ https://0156789.xyz/_next/static/chunks/0gx1zp08zu9jc.js:0
[ 1114695ms] [ERROR] WebSocket connection to 'wss://0156789.xyz/' failed: Error during WebSocket handshake: Unexpected response code: 307 @ https://0156789.xyz/_next/static/chunks/0gx1zp08zu9jc.js:0
[ 1145149ms] [ERROR] WebSocket connection to 'wss://0156789.xyz/' failed: Error during WebSocket handshake: Unexpected response code: 307 @ https://0156789.xyz/_next/static/chunks/0gx1zp08zu9jc.js:0
[ 1175597ms] [ERROR] WebSocket connection to 'wss://0156789.xyz/' failed: Error during WebSocket handshake: Unexpected response code: 307 @ https://0156789.xyz/_next/static/chunks/0gx1zp08zu9jc.js:0
[ 1206047ms] [ERROR] WebSocket connection to 'wss://0156789.xyz/' failed: Error during WebSocket handshake: Unexpected response code: 307 @ https://0156789.xyz/_next/static/chunks/0gx1zp08zu9jc.js:0
[ 1236498ms] [ERROR] WebSocket connection to 'wss://0156789.xyz/' failed: Error during WebSocket handshake: Unexpected response code: 307 @ https://0156789.xyz/_next/static/chunks/0gx1zp08zu9jc.js:0
[ 1266924ms] [ERROR] WebSocket connection to 'wss://0156789.xyz/' failed: Error during WebSocket handshake: Unexpected response code: 307 @ https://0156789.xyz/_next/static/chunks/0gx1zp08zu9jc.js:0
[ 1297396ms] [ERROR] WebSocket connection to 'wss://0156789.xyz/' failed: Error during WebSocket handshake: Unexpected response code: 307 @ https://0156789.xyz/_next/static/chunks/0gx1zp08zu9jc.js:0
[ 1327867ms] [ERROR] WebSocket connection to 'wss://0156789.xyz/' failed: Error during WebSocket handshake: Unexpected response code: 307 @ https://0156789.xyz/_next/static/chunks/0gx1zp08zu9jc.js:0
[ 1358299ms] [ERROR] WebSocket connection to 'wss://0156789.xyz/' failed: Error during WebSocket handshake: Unexpected response code: 307 @ https://0156789.xyz/_next/static/chunks/0gx1zp08zu9jc.js:0
[ 1388810ms] [ERROR] WebSocket connection to 'wss://0156789.xyz/' failed: Error during WebSocket handshake: Unexpected response code: 307 @ https://0156789.xyz/_next/static/chunks/0gx1zp08zu9jc.js:0
[ 1419779ms] [ERROR] WebSocket connection to 'wss://0156789.xyz/' failed: Error during WebSocket handshake: Unexpected response code: 307 @ https://0156789.xyz/_next/static/chunks/0gx1zp08zu9jc.js:0
[ 1450244ms] [ERROR] WebSocket connection to 'wss://0156789.xyz/' failed: Error during WebSocket handshake: Unexpected response code: 307 @ https://0156789.xyz/_next/static/chunks/0gx1zp08zu9jc.js:0
[ 1480698ms] [ERROR] WebSocket connection to 'wss://0156789.xyz/' failed: Error during WebSocket handshake: Unexpected response code: 307 @ https://0156789.xyz/_next/static/chunks/0gx1zp08zu9jc.js:0
[ 1511151ms] [ERROR] WebSocket connection to 'wss://0156789.xyz/' failed: Error during WebSocket handshake: Unexpected response code: 307 @ https://0156789.xyz/_next/static/chunks/0gx1zp08zu9jc.js:0
[ 1541699ms] [ERROR] WebSocket connection to 'wss://0156789.xyz/' failed: Error during WebSocket handshake: Unexpected response code: 307 @ https://0156789.xyz/_next/static/chunks/0gx1zp08zu9jc.js:0
[ 1572146ms] [ERROR] WebSocket connection to 'wss://0156789.xyz/' failed: Error during WebSocket handshake: Unexpected response code: 307 @ https://0156789.xyz/_next/static/chunks/0gx1zp08zu9jc.js:0
[ 1602597ms] [ERROR] WebSocket connection to 'wss://0156789.xyz/' failed: Error during WebSocket handshake: Unexpected response code: 307 @ https://0156789.xyz/_next/static/chunks/0gx1zp08zu9jc.js:0
[ 1637576ms] [ERROR] WebSocket connection to 'wss://0156789.xyz/' failed: Error during WebSocket handshake: Unexpected response code: 307 @ https://0156789.xyz/_next/static/chunks/0gx1zp08zu9jc.js:0
[ 1668017ms] [ERROR] WebSocket connection to 'wss://0156789.xyz/' failed: Error during WebSocket handshake: Unexpected response code: 307 @ https://0156789.xyz/_next/static/chunks/0gx1zp08zu9jc.js:0
[ 1698436ms] [ERROR] WebSocket connection to 'wss://0156789.xyz/' failed: Error during WebSocket handshake: Unexpected response code: 307 @ https://0156789.xyz/_next/static/chunks/0gx1zp08zu9jc.js:0
[ 1728888ms] [ERROR] WebSocket connection to 'wss://0156789.xyz/' failed: Error during WebSocket handshake: Unexpected response code: 307 @ https://0156789.xyz/_next/static/chunks/0gx1zp08zu9jc.js:0
[ 1759382ms] [ERROR] WebSocket connection to 'wss://0156789.xyz/' failed: Error during WebSocket handshake: Unexpected response code: 307 @ https://0156789.xyz/_next/static/chunks/0gx1zp08zu9jc.js:0
[ 1789906ms] [ERROR] WebSocket connection to 'wss://0156789.xyz/' failed: Error during WebSocket handshake: Unexpected response code: 307 @ https://0156789.xyz/_next/static/chunks/0gx1zp08zu9jc.js:0
[ 1820449ms] [ERROR] WebSocket connection to 'wss://0156789.xyz/' failed: Error during WebSocket handshake: Unexpected response code: 307 @ https://0156789.xyz/_next/static/chunks/0gx1zp08zu9jc.js:0
[ 1850902ms] [ERROR] WebSocket connection to 'wss://0156789.xyz/' failed: Error during WebSocket handshake: Unexpected response code: 307 @ https://0156789.xyz/_next/static/chunks/0gx1zp08zu9jc.js:0
[ 1881599ms] [ERROR] WebSocket connection to 'wss://0156789.xyz/' failed: Error during WebSocket handshake: Unexpected response code: 307 @ https://0156789.xyz/_next/static/chunks/0gx1zp08zu9jc.js:0
[ 1912098ms] [ERROR] WebSocket connection to 'wss://0156789.xyz/' failed: Error during WebSocket handshake: Unexpected response code: 307 @ https://0156789.xyz/_next/static/chunks/0gx1zp08zu9jc.js:0
[ 1942583ms] [ERROR] WebSocket connection to 'wss://0156789.xyz/' failed: Error during WebSocket handshake: Unexpected response code: 307 @ https://0156789.xyz/_next/static/chunks/0gx1zp08zu9jc.js:0
[ 1973052ms] [ERROR] WebSocket connection to 'wss://0156789.xyz/' failed: Error during WebSocket handshake: Unexpected response code: 307 @ https://0156789.xyz/_next/static/chunks/0gx1zp08zu9jc.js:0
[ 2003499ms] [ERROR] WebSocket connection to 'wss://0156789.xyz/' failed: Error during WebSocket handshake: Unexpected response code: 307 @ https://0156789.xyz/_next/static/chunks/0gx1zp08zu9jc.js:0
[ 2033992ms] [ERROR] WebSocket connection to 'wss://0156789.xyz/' failed: Error during WebSocket handshake: Unexpected response code: 307 @ https://0156789.xyz/_next/static/chunks/0gx1zp08zu9jc.js:0
[ 2064469ms] [ERROR] WebSocket connection to 'wss://0156789.xyz/' failed: Error during WebSocket handshake: Unexpected response code: 307 @ https://0156789.xyz/_next/static/chunks/0gx1zp08zu9jc.js:0
[ 2095056ms] [ERROR] WebSocket connection to 'wss://0156789.xyz/' failed: Error during WebSocket handshake: Unexpected response code: 307 @ https://0156789.xyz/_next/static/chunks/0gx1zp08zu9jc.js:0
[ 2125511ms] [ERROR] WebSocket connection to 'wss://0156789.xyz/' failed: Error during WebSocket handshake: Unexpected response code: 307 @ https://0156789.xyz/_next/static/chunks/0gx1zp08zu9jc.js:0
[ 2155939ms] [ERROR] WebSocket connection to 'wss://0156789.xyz/' failed: Error during WebSocket handshake: Unexpected response code: 307 @ https://0156789.xyz/_next/static/chunks/0gx1zp08zu9jc.js:0
[ 2186452ms] [ERROR] WebSocket connection to 'wss://0156789.xyz/' failed: Error during WebSocket handshake: Unexpected response code: 307 @ https://0156789.xyz/_next/static/chunks/0gx1zp08zu9jc.js:0
[ 2216892ms] [ERROR] WebSocket connection to 'wss://0156789.xyz/' failed: Error during WebSocket handshake: Unexpected response code: 307 @ https://0156789.xyz/_next/static/chunks/0gx1zp08zu9jc.js:0
[ 2247341ms] [ERROR] WebSocket connection to 'wss://0156789.xyz/' failed: Error during WebSocket handshake: Unexpected response code: 307 @ https://0156789.xyz/_next/static/chunks/0gx1zp08zu9jc.js:0
[ 2282820ms] [ERROR] WebSocket connection to 'wss://0156789.xyz/' failed: Error in connection establishment: net::ERR_CONNECTION_CLOSED @ https://0156789.xyz/_next/static/chunks/0gx1zp08zu9jc.js:0
[ 2315233ms] [ERROR] WebSocket connection to 'wss://0156789.xyz/' failed: Error in connection establishment: net::ERR_CONNECTION_CLOSED @ https://0156789.xyz/_next/static/chunks/0gx1zp08zu9jc.js:0
[ 2347641ms] [ERROR] WebSocket connection to 'wss://0156789.xyz/' failed: Error in connection establishment: net::ERR_CONNECTION_CLOSED @ https://0156789.xyz/_next/static/chunks/0gx1zp08zu9jc.js:0
[ 2380211ms] [ERROR] WebSocket connection to 'wss://0156789.xyz/' failed: Error in connection establishment: net::ERR_CONNECTION_CLOSED @ https://0156789.xyz/_next/static/chunks/0gx1zp08zu9jc.js:0
[ 2416763ms] [ERROR] WebSocket connection to 'wss://0156789.xyz/' failed: Error in connection establishment: net::ERR_CONNECTION_CLOSED @ https://0156789.xyz/_next/static/chunks/0gx1zp08zu9jc.js:0
[ 2451203ms] [ERROR] WebSocket connection to 'wss://0156789.xyz/' failed: Error in connection establishment: net::ERR_CONNECTION_CLOSED @ https://0156789.xyz/_next/static/chunks/0gx1zp08zu9jc.js:0
[ 2483660ms] [ERROR] WebSocket connection to 'wss://0156789.xyz/' failed: Error in connection establishment: net::ERR_CONNECTION_CLOSED @ https://0156789.xyz/_next/static/chunks/0gx1zp08zu9jc.js:0
[ 2516094ms] [ERROR] WebSocket connection to 'wss://0156789.xyz/' failed: Error in connection establishment: net::ERR_CONNECTION_CLOSED @ https://0156789.xyz/_next/static/chunks/0gx1zp08zu9jc.js:0
[ 2548503ms] [ERROR] WebSocket connection to 'wss://0156789.xyz/' failed: Error in connection establishment: net::ERR_CONNECTION_CLOSED @ https://0156789.xyz/_next/static/chunks/0gx1zp08zu9jc.js:0
[ 2580899ms] [ERROR] WebSocket connection to 'wss://0156789.xyz/' failed: Error in connection establishment: net::ERR_CONNECTION_CLOSED @ https://0156789.xyz/_next/static/chunks/0gx1zp08zu9jc.js:0
[ 2613334ms] [ERROR] WebSocket connection to 'wss://0156789.xyz/' failed: Error in connection establishment: net::ERR_CONNECTION_CLOSED @ https://0156789.xyz/_next/static/chunks/0gx1zp08zu9jc.js:0
[ 2645710ms] [ERROR] WebSocket connection to 'wss://0156789.xyz/' failed: Error in connection establishment: net::ERR_CONNECTION_CLOSED @ https://0156789.xyz/_next/static/chunks/0gx1zp08zu9jc.js:0
[ 2678103ms] [ERROR] WebSocket connection to 'wss://0156789.xyz/' failed: Error in connection establishment: net::ERR_CONNECTION_CLOSED @ https://0156789.xyz/_next/static/chunks/0gx1zp08zu9jc.js:0
[ 2710528ms] [ERROR] WebSocket connection to 'wss://0156789.xyz/' failed: Error in connection establishment: net::ERR_CONNECTION_CLOSED @ https://0156789.xyz/_next/static/chunks/0gx1zp08zu9jc.js:0
[ 2742949ms] [ERROR] WebSocket connection to 'wss://0156789.xyz/' failed: Error in connection establishment: net::ERR_CONNECTION_CLOSED @ https://0156789.xyz/_next/static/chunks/0gx1zp08zu9jc.js:0
[ 2775528ms] [ERROR] WebSocket connection to 'wss://0156789.xyz/' failed: Error in connection establishment: net::ERR_CONNECTION_CLOSED @ https://0156789.xyz/_next/static/chunks/0gx1zp08zu9jc.js:0
[ 2808025ms] [ERROR] WebSocket connection to 'wss://0156789.xyz/' failed: Error in connection establishment: net::ERR_CONNECTION_CLOSED @ https://0156789.xyz/_next/static/chunks/0gx1zp08zu9jc.js:0
[ 2840438ms] [ERROR] WebSocket connection to 'wss://0156789.xyz/' failed: Error in connection establishment: net::ERR_CONNECTION_CLOSED @ https://0156789.xyz/_next/static/chunks/0gx1zp08zu9jc.js:0
[ 2872843ms] [ERROR] WebSocket connection to 'wss://0156789.xyz/' failed: Error in connection establishment: net::ERR_CONNECTION_CLOSED @ https://0156789.xyz/_next/static/chunks/0gx1zp08zu9jc.js:0
[ 2905508ms] [ERROR] WebSocket connection to 'wss://0156789.xyz/' failed: Error in connection establishment: net::ERR_CONNECTION_CLOSED @ https://0156789.xyz/_next/static/chunks/0gx1zp08zu9jc.js:0
[ 2937929ms] [ERROR] WebSocket connection to 'wss://0156789.xyz/' failed: Error in connection establishment: net::ERR_CONNECTION_CLOSED @ https://0156789.xyz/_next/static/chunks/0gx1zp08zu9jc.js:0
[ 2970329ms] [ERROR] WebSocket connection to 'wss://0156789.xyz/' failed: Error in connection establishment: net::ERR_CONNECTION_CLOSED @ https://0156789.xyz/_next/static/chunks/0gx1zp08zu9jc.js:0
[ 3002760ms] [ERROR] WebSocket connection to 'wss://0156789.xyz/' failed: Error in connection establishment: net::ERR_CONNECTION_CLOSED @ https://0156789.xyz/_next/static/chunks/0gx1zp08zu9jc.js:0
[ 3035304ms] [ERROR] WebSocket connection to 'wss://0156789.xyz/' failed: Error in connection establishment: net::ERR_CONNECTION_CLOSED @ https://0156789.xyz/_next/static/chunks/0gx1zp08zu9jc.js:0
[ 3071879ms] [ERROR] WebSocket connection to 'wss://0156789.xyz/' failed: Error in connection establishment: net::ERR_CONNECTION_CLOSED @ https://0156789.xyz/_next/static/chunks/0gx1zp08zu9jc.js:0
[ 3104650ms] [ERROR] WebSocket connection to 'wss://0156789.xyz/' failed: Error in connection establishment: net::ERR_CONNECTION_CLOSED @ https://0156789.xyz/_next/static/chunks/0gx1zp08zu9jc.js:0
[ 3141178ms] [ERROR] WebSocket connection to 'wss://0156789.xyz/' failed: Error in connection establishment: net::ERR_CONNECTION_CLOSED @ https://0156789.xyz/_next/static/chunks/0gx1zp08zu9jc.js:0
[ 3173757ms] [ERROR] WebSocket connection to 'wss://0156789.xyz/' failed: Error in connection establishment: net::ERR_CONNECTION_CLOSED @ https://0156789.xyz/_next/static/chunks/0gx1zp08zu9jc.js:0
[ 3206645ms] [ERROR] WebSocket connection to 'wss://0156789.xyz/' failed: Error in connection establishment: net::ERR_CONNECTION_CLOSED @ https://0156789.xyz/_next/static/chunks/0gx1zp08zu9jc.js:0
[ 3239145ms] [ERROR] WebSocket connection to 'wss://0156789.xyz/' failed: Error in connection establishment: net::ERR_CONNECTION_CLOSED @ https://0156789.xyz/_next/static/chunks/0gx1zp08zu9jc.js:0
[ 3275753ms] [ERROR] WebSocket connection to 'wss://0156789.xyz/' failed: Error in connection establishment: net::ERR_CONNECTION_CLOSED @ https://0156789.xyz/_next/static/chunks/0gx1zp08zu9jc.js:0
[ 3312218ms] [ERROR] WebSocket connection to 'wss://0156789.xyz/' failed: Error in connection establishment: net::ERR_CONNECTION_CLOSED @ https://0156789.xyz/_next/static/chunks/0gx1zp08zu9jc.js:0
[ 3348671ms] [ERROR] WebSocket connection to 'wss://0156789.xyz/' failed: Error in connection establishment: net::ERR_CONNECTION_CLOSED @ https://0156789.xyz/_next/static/chunks/0gx1zp08zu9jc.js:0
[ 3381106ms] [ERROR] WebSocket connection to 'wss://0156789.xyz/' failed: Error in connection establishment: net::ERR_CONNECTION_CLOSED @ https://0156789.xyz/_next/static/chunks/0gx1zp08zu9jc.js:0
[ 3413536ms] [ERROR] WebSocket connection to 'wss://0156789.xyz/' failed: Error in connection establishment: net::ERR_CONNECTION_CLOSED @ https://0156789.xyz/_next/static/chunks/0gx1zp08zu9jc.js:0
[ 3446055ms] [ERROR] WebSocket connection to 'wss://0156789.xyz/' failed: Error in connection establishment: net::ERR_CONNECTION_CLOSED @ https://0156789.xyz/_next/static/chunks/0gx1zp08zu9jc.js:0
[ 3478468ms] [ERROR] WebSocket connection to 'wss://0156789.xyz/' failed: Error in connection establishment: net::ERR_CONNECTION_CLOSED @ https://0156789.xyz/_next/static/chunks/0gx1zp08zu9jc.js:0
[ 3510950ms] [ERROR] WebSocket connection to 'wss://0156789.xyz/' failed: Error in connection establishment: net::ERR_CONNECTION_CLOSED @ https://0156789.xyz/_next/static/chunks/0gx1zp08zu9jc.js:0
[ 3545245ms] [ERROR] WebSocket connection to 'wss://0156789.xyz/' failed: Error in connection establishment: net::ERR_CONNECTION_CLOSED @ https://0156789.xyz/_next/static/chunks/0gx1zp08zu9jc.js:0
