[     475ms] [VERBOSE] [DOM] Input elements should have autocomplete attributes (suggested: "current-password"): (More info: https://goo.gl/9p2vKq) %o @ http://localhost:3000/login:0
[     484ms] [INFO] %cDownload the React DevTools for a better development experience: https://react.dev/link/react-devtools font-weight:bold @ http://localhost:3000/_next/static/chunks/node_modules_next_dist_115brz8._.js:2477
[     505ms] [LOG] [HMR] connected @ http://localhost:3000/_next/static/chunks/node_modules_next_dist_115brz8._.js:2477
[     668ms] [ERROR] Failed to load resource: the server responded with a status of 404 (Not Found) @ http://localhost:3000/favicon.ico:0
[    5277ms] [LOG] [Fast Refresh] rebuilding @ http://localhost:3000/_next/static/chunks/node_modules_next_dist_115brz8._.js:2477
[    5334ms] [LOG] [Fast Refresh] done in 157ms @ http://localhost:3000/_next/static/chunks/node_modules_next_dist_115brz8._.js:2477
[    5648ms] [INFO] %cDownload the React DevTools for a better development experience: https://react.dev/link/react-devtools font-weight:bold @ http://localhost:3000/_next/static/chunks/node_modules_next_dist_115brz8._.js:2477
[    5666ms] [LOG] [HMR] connected @ http://localhost:3000/_next/static/chunks/node_modules_next_dist_115brz8._.js:2477
[   14644ms] [ERROR] Failed to load resource: the server responded with a status of 404 (Not Found) @ http://localhost:3000/dashboard/courses/6c2a41fe-cead-4b47-a660-5b2658214149/history?_rsc=66VeU9JX1m9Usn7e:0
[   14723ms] [ERROR] Failed to load resource: the server responded with a status of 404 (Not Found) @ http://localhost:3000/dashboard/courses/6c2a41fe-cead-4b47-a660-5b2658214149/history:0
[   14748ms] [INFO] %cDownload the React DevTools for a better development experience: https://react.dev/link/react-devtools font-weight:bold @ http://localhost:3000/_next/static/chunks/node_modules_next_dist_115brz8._.js:2477
[   14762ms] [LOG] [HMR] connected @ http://localhost:3000/_next/static/chunks/node_modules_next_dist_115brz8._.js:2477
[   22501ms] [ERROR] WebSocket connection to 'ws://localhost:3000/_next/webpack-hmr?id=Po3Kr1Djop5pR0KI9o12v' failed:  @ http://localhost:3000/_next/static/chunks/node_modules_next_dist_client_0fhqo1d._.js:13322
[   23509ms] [ERROR] WebSocket connection to 'ws://localhost:3000/_next/webpack-hmr?id=Po3Kr1Djop5pR0KI9o12v' failed: Error in connection establishment: net::ERR_CONNECTION_REFUSED @ http://localhost:3000/_next/static/chunks/node_modules_next_dist_client_0fhqo1d._.js:13322
[   24513ms] [ERROR] WebSocket connection to 'ws://localhost:3000/_next/webpack-hmr?id=Po3Kr1Djop5pR0KI9o12v' failed: Error in connection establishment: net::ERR_CONNECTION_REFUSED @ http://localhost:3000/_next/static/chunks/node_modules_next_dist_client_0fhqo1d._.js:13322
[   25515ms] [ERROR] WebSocket connection to 'ws://localhost:3000/_next/webpack-hmr?id=Po3Kr1Djop5pR0KI9o12v' failed: Error in connection establishment: net::ERR_CONNECTION_REFUSED @ http://localhost:3000/_next/static/chunks/node_modules_next_dist_client_0fhqo1d._.js:13322
[   26517ms] [ERROR] WebSocket connection to 'ws://localhost:3000/_next/webpack-hmr?id=Po3Kr1Djop5pR0KI9o12v' failed: Error in connection establishment: net::ERR_CONNECTION_REFUSED @ http://localhost:3000/_next/static/chunks/node_modules_next_dist_client_0fhqo1d._.js:13322
[   27521ms] [ERROR] WebSocket connection to 'ws://localhost:3000/_next/webpack-hmr?id=Po3Kr1Djop5pR0KI9o12v' failed: Error in connection establishment: net::ERR_CONNECTION_REFUSED @ http://localhost:3000/_next/static/chunks/node_modules_next_dist_client_0fhqo1d._.js:13322
[   32525ms] [ERROR] WebSocket connection to 'ws://localhost:3000/_next/webpack-hmr?id=Po3Kr1Djop5pR0KI9o12v' failed: Error in connection establishment: net::ERR_CONNECTION_REFUSED @ http://localhost:3000/_next/static/chunks/node_modules_next_dist_client_0fhqo1d._.js:13322
[   37533ms] [ERROR] WebSocket connection to 'ws://localhost:3000/_next/webpack-hmr?id=Po3Kr1Djop5pR0KI9o12v' failed: Error in connection establishment: net::ERR_CONNECTION_REFUSED @ http://localhost:3000/_next/static/chunks/node_modules_next_dist_client_0fhqo1d._.js:13322
[   42547ms] [ERROR] WebSocket connection to 'ws://localhost:3000/_next/webpack-hmr?id=Po3Kr1Djop5pR0KI9o12v' failed: Error in connection establishment: net::ERR_CONNECTION_REFUSED @ http://localhost:3000/_next/static/chunks/node_modules_next_dist_client_0fhqo1d._.js:13322
[   47577ms] [ERROR] WebSocket connection to 'ws://localhost:3000/_next/webpack-hmr?id=Po3Kr1Djop5pR0KI9o12v' failed: Error in connection establishment: net::ERR_CONNECTION_REFUSED @ http://localhost:3000/_next/static/chunks/node_modules_next_dist_client_0fhqo1d._.js:13322
